\BOOKMARK [0][-]{chapter*.1}{Agradecimentos}{}% 1
\BOOKMARK [0][-]{chapter*.1}{Resumo}{}% 2
\BOOKMARK [0][-]{chapter*.1}{Abstract}{}% 3
\BOOKMARK [0][-]{chapter*.1}{Lista de Figuras}{}% 4
\BOOKMARK [0][-]{chapter*.2}{Lista de Tabelas}{}% 5
\BOOKMARK [0][-]{chapter*.3}{Lista de C\363digos}{}% 6
\BOOKMARK [0][-]{chapter*.5}{Lista de Abreviaturas e Siglas}{}% 7
\BOOKMARK [0][-]{chapter*.6}{Lista de S\355mbolos}{}% 8
\BOOKMARK [0][-]{chapter.1}{Introdu\347\343o}{}% 9
\BOOKMARK [1][-]{section.1.1}{Objetivo}{chapter.1}% 10
\BOOKMARK [1][-]{section.1.2}{Organiza\347\343o do Trabalho}{chapter.1}% 11
\BOOKMARK [0][-]{chapter.2}{Fundamenta\347\343o}{}% 12
\BOOKMARK [0][-]{chapter.3}{Proposta}{}% 13
\BOOKMARK [0][-]{chapter.4}{Experimentos}{}% 14
\BOOKMARK [0][-]{chapter.5}{Conclus\343o}{}% 15
\BOOKMARK [1][-]{section.5.1}{Considera\347\365es finais}{chapter.5}% 16
\BOOKMARK [1][-]{section.5.2}{Limita\347\365es e trabalhos futuros}{chapter.5}% 17
\BOOKMARK [0][-]{section.5.2}{Refer\352ncias}{}% 18
\BOOKMARK [0][-]{appendix.A}{Dicas e Boas Pr\341ticas}{}% 19
\BOOKMARK [1][-]{section.A.1}{Inclus\343o de outros arquivos}{appendix.A}% 20
\BOOKMARK [1][-]{section.A.2}{Cita\347\365es}{appendix.A}% 21
\BOOKMARK [1][-]{section.A.3}{Imagens e Tabelas}{appendix.A}% 22
\BOOKMARK [1][-]{section.A.4}{Images}{appendix.A}% 23
\BOOKMARK [1][-]{section.A.5}{Equa\347\365es}{appendix.A}% 24
\BOOKMARK [1][-]{section.A.6}{Listings}{appendix.A}% 25
\BOOKMARK [1][-]{section.A.7}{References}{appendix.A}% 26
